# JRE version: OpenJDK Runtime Environment (17.0.6) (build 17.0.6+0-b2043.56-10027231)
# Java VM: OpenJDK 64-Bit Server VM (17.0.6+0-b2043.56-10027231, mixed mode, tiered, compressed oops, compressed class ptrs, g1 gc, windows-amd64)
GC Precious Log:
 CPUs: 8 total, 8 available
 Memory: 11968M
 Large Page Support: Disabled
 NUMA Support: Disabled
 Compressed Oops: Enabled (Zero based)
 Heap Region Size: 2M
 Heap Min Capacity: 8M
 Heap Initial Capacity: 188M
 Heap Max Capacity: 4G
 Pre-touch: Disabled
 Parallel Workers: 8
 Concurrent Workers: 2
 Concurrent Refinement Workers: 8
 Periodic GC: Disabled
Heap:
 garbage-first heap   total 137216K, used 87299K [0x0000000700000000, 0x0000000800000000)
  region size 2048K, 21 young (43008K), 3 survivors (6144K)
 Metaspace       used 84129K, committed 84672K, reserved 1122304K
  class space    used 11921K, committed 12160K, reserved 1048576K
GC Heap History (20 events):
Event: 12.518 GC heap before
{Heap before GC invocations=15 (full 0):
 garbage-first heap   total 83968K, used 60617K [0x0000000700000000, 0x0000000800000000)
  region size 2048K, 16 young (32768K), 3 survivors (6144K)
 Metaspace       used 59106K, committed 59648K, reserved 1105920K
  class space    used 8359K, committed 8576K, reserved 1048576K
}
Event: 12.528 GC heap after
{Heap after GC invocations=16 (full 0):
 garbage-first heap   total 83968K, used 43185K [0x0000000700000000, 0x0000000800000000)
  region size 2048K, 2 young (4096K), 2 survivors (4096K)
 Metaspace       used 59106K, committed 59648K, reserved 1105920K
  class space    used 8359K, committed 8576K, reserved 1048576K
}
Event: 12.681 GC heap before
{Heap before GC invocations=16 (full 0):
 garbage-first heap   total 83968K, used 47281K [0x0000000700000000, 0x0000000800000000)
  region size 2048K, 5 young (10240K), 2 survivors (4096K)
 Metaspace       used 59772K, committed 60288K, reserved 1105920K
  class space    used 8460K, committed 8704K, reserved 1048576K
}
Event: 12.686 GC heap after
{Heap after GC invocations=17 (full 0):
 garbage-first heap   total 83968K, used 43648K [0x0000000700000000, 0x0000000800000000)
  region size 2048K, 1 young (2048K), 1 survivors (2048K)
 Metaspace       used 59772K, committed 60288K, reserved 1105920K
  class space    used 8460K, committed 8704K, reserved 1048576K
}
Event: 13.280 GC heap before
{Heap before GC invocations=18 (full 0):
 garbage-first heap   total 86016K, used 62080K [0x0000000700000000, 0x0000000800000000)
  region size 2048K, 10 young (20480K), 1 survivors (2048K)
 Metaspace       used 62807K, committed 63424K, reserved 1105920K
  class space    used 8828K, committed 9088K, reserved 1048576K
}
Event: 13.284 GC heap after
{Heap after GC invocations=19 (full 0):
 garbage-first heap   total 86016K, used 44182K [0x0000000700000000, 0x0000000800000000)
  region size 2048K, 1 young (2048K), 1 survivors (2048K)
 Metaspace       used 62807K, committed 63424K, reserved 1105920K
  class space    used 8828K, committed 9088K, reserved 1048576K
}
Event: 13.345 GC heap before
{Heap before GC invocations=19 (full 0):
 garbage-first heap   total 86016K, used 46230K [0x0000000700000000, 0x0000000800000000)
  region size 2048K, 2 young (4096K), 1 survivors (2048K)
 Metaspace       used 63074K, committed 63616K, reserved 1105920K
  class space    used 8860K, committed 9088K, reserved 1048576K
}
Event: 13.354 GC heap after
{Heap after GC invocations=20 (full 0):
 garbage-first heap   total 86016K, used 43998K [0x0000000700000000, 0x0000000800000000)
  region size 2048K, 1 young (2048K), 1 survivors (2048K)
 Metaspace       used 63074K, committed 63616K, reserved 1105920K
  class space    used 8860K, committed 9088K, reserved 1048576K
}
Event: 14.210 GC heap before
{Heap before GC invocations=20 (full 0):
 garbage-first heap   total 86016K, used 66526K [0x0000000700000000, 0x0000000800000000)
  region size 2048K, 12 young (24576K), 1 survivors (2048K)
 Metaspace       used 67116K, committed 67712K, reserved 1114112K
  class space    used 9413K, committed 9664K, reserved 1048576K
}
Event: 14.216 GC heap after
{Heap after GC invocations=21 (full 0):
 garbage-first heap   total 86016K, used 45994K [0x0000000700000000, 0x0000000800000000)
  region size 2048K, 2 young (4096K), 2 survivors (4096K)
 Metaspace       used 67116K, committed 67712K, reserved 1114112K
  class space    used 9413K, committed 9664K, reserved 1048576K
}
Event: 14.568 GC heap before
{Heap before GC invocations=22 (full 0):
 garbage-first heap   total 86016K, used 64426K [0x0000000700000000, 0x0000000800000000)
  region size 2048K, 12 young (24576K), 2 survivors (4096K)
 Metaspace       used 67960K, committed 68544K, reserved 1114112K
  class space    used 9544K, committed 9792K, reserved 1048576K
}
Event: 14.575 GC heap after
{Heap after GC invocations=23 (full 0):
 garbage-first heap   total 86016K, used 48101K [0x0000000700000000, 0x0000000800000000)
  region size 2048K, 2 young (4096K), 2 survivors (4096K)
 Metaspace       used 67960K, committed 68544K, reserved 1114112K
  class space    used 9544K, committed 9792K, reserved 1048576K
}
Event: 15.010 GC heap before
{Heap before GC invocations=23 (full 0):
 garbage-first heap   total 86016K, used 64485K [0x0000000700000000, 0x0000000800000000)
  region size 2048K, 10 young (20480K), 2 survivors (4096K)
 Metaspace       used 69698K, committed 70208K, reserved 1114112K
  class space    used 9756K, committed 9984K, reserved 1048576K
}
Event: 15.015 GC heap after
{Heap after GC invocations=24 (full 0):
 garbage-first heap   total 86016K, used 49313K [0x0000000700000000, 0x0000000800000000)
  region size 2048K, 1 young (2048K), 1 survivors (2048K)
 Metaspace       used 69698K, committed 70208K, reserved 1114112K
  class space    used 9756K, committed 9984K, reserved 1048576K
}
Event: 15.543 GC heap before
{Heap before GC invocations=25 (full 0):
 garbage-first heap   total 92160K, used 67745K [0x0000000700000000, 0x0000000800000000)
  region size 2048K, 10 young (20480K), 1 survivors (2048K)
 Metaspace       used 71464K, committed 72064K, reserved 1114112K
  class space    used 9979K, committed 10240K, reserved 1048576K
}
Event: 15.547 GC heap after
{Heap after GC invocations=26 (full 0):
 garbage-first heap   total 92160K, used 50333K [0x0000000700000000, 0x0000000800000000)
  region size 2048K, 2 young (4096K), 2 survivors (4096K)
 Metaspace       used 71464K, committed 72064K, reserved 1114112K
  class space    used 9979K, committed 10240K, reserved 1048576K
}
Event: 16.012 GC heap before
{Heap before GC invocations=26 (full 0):
 garbage-first heap   total 92160K, used 68765K [0x0000000700000000, 0x0000000800000000)
  region size 2048K, 12 young (24576K), 2 survivors (4096K)
 Metaspace       used 74270K, committed 74880K, reserved 1114112K
  class space    used 10367K, committed 10624K, reserved 1048576K
}
Event: 16.021 GC heap after
{Heap after GC invocations=27 (full 0):
 garbage-first heap   total 137216K, used 51749K [0x0000000700000000, 0x0000000800000000)
  region size 2048K, 2 young (4096K), 2 survivors (4096K)
 Metaspace       used 74270K, committed 74880K, reserved 1114112K
  class space    used 10367K, committed 10624K, reserved 1048576K
}
Event: 17.327 GC heap before
{Heap before GC invocations=28 (full 0):
 garbage-first heap   total 137216K, used 104997K [0x0000000700000000, 0x0000000800000000)
  region size 2048K, 29 young (59392K), 2 survivors (4096K)
 Metaspace       used 79876K, committed 80448K, reserved 1122304K
  class space    used 11225K, committed 11456K, reserved 1048576K
}
Event: 17.336 GC heap after
{Heap after GC invocations=29 (full 0):
 garbage-first heap   total 137216K, used 54531K [0x0000000700000000, 0x0000000800000000)
  region size 2048K, 3 young (6144K), 3 survivors (6144K)
 Metaspace       used 79876K, committed 80448K, reserved 1122304K
  class space    used 11225K, committed 11456K, reserved 1048576K
}

